1773854381.398 store_ready
1773854381.429 active_counterpart_profile
1773854381.429 active_persona_core
1773854381.430 messages_loaded
1773854381.430 event_override_normalized
1773854381.430 prior_runtime_loaded
1773854381.430 prior_queue_loaded
1773854381.430 message_views_ready
1773854381.432 pending_ready
1773854381.432 pending_user_goal_ready
1773854381.433 continuation_ready
1773854381.433 compact_thread_done
1773854381.433 science_mode_ready
1773854381.433 response_style_hint_ready
1773854381.433 external_probe_mode_ready
1773854386.863 retrieved_ready
1773854386.863 relationship_ready
1773854386.863 canon_baseline_ready
1773854386.863 worldline_focus_ready
1773854386.865 seed_states_ready
1773854386.865 appraisal_event_context_ready
1773854386.865 semantic_profile_ready
1773854386.865 recent_interaction_carryover_ready
1773854386.866 seeded_interaction_carryover_ready
